<?xml version="1.0" encoding="UTF-8"?>
<robot generator="Robot 7.0 (Python 3.12.2 on darwin)" generated="2024-04-04T22:11:10.281233" rpa="false" schemaversion="5">
<suite id="s1" name="HRVibe" source="/Users/Silva/Documents/HYTE-K24/periodi - 4/HRVibe">
<suite id="s1-s1" name="Testaus" source="/Users/Silva/Documents/HYTE-K24/periodi - 4/HRVibe/testaus">
<suite id="s1-s1-s1" name="Robot" source="/Users/Silva/Documents/HYTE-K24/periodi - 4/HRVibe/testaus/robot">
<suite id="s1-s1-s1-s1" name="Browser Demo" source="/Users/Silva/Documents/HYTE-K24/periodi - 4/HRVibe/testaus/robot/browser_demo.robot">
<test id="s1-s1-s1-s1-t1" name="Test Web Form" line="6">
<kw name="New Browser">
<msg time="2024-04-04T22:11:10.454894" level="FAIL">No keyword with name 'New Browser' found.</msg>
<arg>chromium</arg>
<arg>headless=No</arg>
<status status="FAIL" start="2024-04-04T22:11:10.454541" elapsed="0.000557">No keyword with name 'New Browser' found.</status>
</kw>
<kw name="New Page">
<arg>https://hyte-server.northeurope.cloudapp.azure.com/</arg>
<status status="NOT RUN" start="2024-04-04T22:11:10.455715" elapsed="0.000228"/>
</kw>
<kw name="Get Title">
<arg>==</arg>
<arg>Vital Track</arg>
<status status="NOT RUN" start="2024-04-04T22:11:10.456653" elapsed="0.000261"/>
</kw>
<kw name="Click With Options">
<arg>id=loginButton</arg>
<arg>delay=1s</arg>
<status status="NOT RUN" start="2024-04-04T22:11:10.457480" elapsed="0.000335"/>
</kw>
<kw name="Type Text">
<arg>[id=k√§yttis]</arg>
<arg>${Username}</arg>
<arg>delay=0.1s</arg>
<status status="NOT RUN" start="2024-04-04T22:11:10.458351" elapsed="0.000229"/>
</kw>
<kw name="Type Secret">
<arg>[id=passis]</arg>
<arg>$Password</arg>
<arg>delay=0.1s</arg>
<status status="NOT RUN" start="2024-04-04T22:11:10.459048" elapsed="0.000237"/>
</kw>
<kw name="Click With Options">
<arg>css=.loginuser</arg>
<arg>delay=1s</arg>
<status status="NOT RUN" start="2024-04-04T22:11:10.459788" elapsed="0.000265"/>
</kw>
<kw name="Type Text">
<arg>[id=mood]</arg>
<arg>${Mood}</arg>
<arg>delay=0.1s</arg>
<status status="NOT RUN" start="2024-04-04T22:11:10.460531" elapsed="0.000217"/>
</kw>
<kw name="Type Text">
<arg>[id=sleep_hours]</arg>
<arg>${SleepHours}</arg>
<arg>delay=0.1s</arg>
<status status="NOT RUN" start="2024-04-04T22:11:10.461180" elapsed="0.000221"/>
</kw>
<kw name="Type Text">
<arg>[id=notes]</arg>
<arg>${Notes}</arg>
<arg>delay=0.1s</arg>
<status status="NOT RUN" start="2024-04-04T22:11:10.461844" elapsed="0.000216"/>
</kw>
<kw name="Click With Option">
<status status="NOT RUN" start="2024-04-04T22:11:10.462538" elapsed="0.000267"/>
</kw>
<status status="FAIL" start="2024-04-04T22:11:10.453739" elapsed="0.009392">No keyword with name 'New Browser' found.</status>
</test>
<status status="FAIL" start="2024-04-04T22:11:10.303288" elapsed="0.160192"/>
</suite>
<status status="FAIL" start="2024-04-04T22:11:10.302728" elapsed="0.161205"/>
</suite>
<status status="FAIL" start="2024-04-04T22:11:10.302084" elapsed="0.162161"/>
</suite>
<status status="FAIL" start="2024-04-04T22:11:10.292394" elapsed="0.172121"/>
</suite>
<statistics>
<total>
<stat pass="0" fail="1" skip="0">All Tests</stat>
</total>
<tag>
</tag>
<suite>
<stat pass="0" fail="1" skip="0" id="s1" name="HRVibe">HRVibe</stat>
<stat pass="0" fail="1" skip="0" id="s1-s1" name="Testaus">HRVibe.Testaus</stat>
<stat pass="0" fail="1" skip="0" id="s1-s1-s1" name="Robot">HRVibe.Testaus.Robot</stat>
<stat pass="0" fail="1" skip="0" id="s1-s1-s1-s1" name="Browser Demo">HRVibe.Testaus.Robot.Browser Demo</stat>
</suite>
</statistics>
<errors>
<msg time="2024-04-04T22:11:10.451294" level="ERROR">Error in file '/Users/Silva/Documents/HYTE-K24/periodi - 4/HRVibe/testaus/robot/browser_demo.robot' on line 2: Initializing library 'Browser' with arguments [ auto_closing_level=AutoClosingLevel.KEEP ] failed: Could not find node dependencies in installation directory `/Library/Frameworks/Python.framework/Versions/3.12/lib/python3.12/site-packages/Browser/wrapper.` Run `rfbrowser init` to install the dependencies.
Traceback (most recent call last):
  File "/Library/Frameworks/Python.framework/Versions/3.12/lib/python3.12/site-packages/Browser/browser.py", line 831, in __init__
    self.playwright = Playwright(
                      ^^^^^^^^^^^
  File "/Library/Frameworks/Python.framework/Versions/3.12/lib/python3.12/site-packages/Browser/playwright.py", line 53, in __init__
    self.ensure_node_dependencies()
  File "/Library/Frameworks/Python.framework/Versions/3.12/lib/python3.12/site-packages/Browser/playwright.py", line 85, in ensure_node_dependencies
    raise RuntimeError(
RuntimeError: Could not find node dependencies in installation directory `/Library/Frameworks/Python.framework/Versions/3.12/lib/python3.12/site-packages/Browser/wrapper.` Run `rfbrowser init` to install the dependencies.</msg>
</errors>
</robot>
